This is pdfTeX, Version 3.141592653-2.6-1.40.23 (MiKTeX 21.8) (preloaded format=pdflatex 2021.10.20)  15 FEB 2023 20:12
entering extended mode
**./Tractor_Data_Vis.tex
(Tractor_Data_Vis.tex
LaTeX2e <2021-06-01> patch level 1
L3 programming layer <2021-08-27>
(C:\Users\carol\AppData\Local\Programs\MiKTeX\tex/latex/base\book.cls
Document Class: book 2021/02/12 v1.4n Standard LaTeX document class
(C:\Users\carol\AppData\Local\Programs\MiKTeX\tex/latex/base\bk11.clo
File: bk11.clo 2021/02/12 v1.4n Standard LaTeX file (size option)
)
\c@part=\count182
\c@chapter=\count183
\c@section=\count184
\c@subsection=\count185
\c@subsubsection=\count186
\c@paragraph=\count187
\c@subparagraph=\count188
\c@figure=\count189
\c@table=\count190
\abovecaptionskip=\skip47
\belowcaptionskip=\skip48
\bibindent=\dimen138
)
(C:\Users\carol\AppData\Local\Programs\MiKTeX\tex/latex/psnfss\palatino.sty
Package: palatino 2020/03/25 PSNFSS-v9.3 (SPQR) 
)
(C:\Users\carol\AppData\Local\Programs\MiKTeX\tex/latex/amsfonts\amsfonts.sty
Package: amsfonts 2013/01/14 v3.01 Basic AMSFonts support
\@emptytoks=\toks16
\symAMSa=\mathgroup4
\symAMSb=\mathgroup5
LaTeX Font Info:    Redeclaring math symbol \hbar on input line 98.
LaTeX Font Info:    Overwriting math alphabet `\mathfrak' in version `bold'
(Font)                  U/euf/m/n --> U/euf/b/n on input line 106.
)
(C:\Users\carol\AppData\Local\Programs\MiKTeX\tex/latex/amsmath\amsmath.sty
Package: amsmath 2021/04/20 v2.17j AMS math features
\@mathmargin=\skip49

For additional information on amsmath, use the `?' option.
(C:\Users\carol\AppData\Local\Programs\MiKTeX\tex/latex/amsmath\amstext.sty
Package: amstext 2000/06/29 v2.01 AMS text

(C:\Users\carol\AppData\Local\Programs\MiKTeX\tex/latex/amsmath\amsgen.sty
File: amsgen.sty 1999/11/30 v2.0 generic functions
\@emptytoks=\toks17
\ex@=\dimen139
))
(C:\Users\carol\AppData\Local\Programs\MiKTeX\tex/latex/amsmath\amsbsy.sty
Package: amsbsy 1999/11/29 v1.2d Bold Symbols
\pmbraise@=\dimen140
)
(C:\Users\carol\AppData\Local\Programs\MiKTeX\tex/latex/amsmath\amsopn.sty
Package: amsopn 2016/03/08 v2.02 operator names
)
\inf@bad=\count191
LaTeX Info: Redefining \frac on input line 234.
\uproot@=\count192
\leftroot@=\count193
LaTeX Info: Redefining \overline on input line 399.
\classnum@=\count194
\DOTSCASE@=\count195
LaTeX Info: Redefining \ldots on input line 496.
LaTeX Info: Redefining \dots on input line 499.
LaTeX Info: Redefining \cdots on input line 620.
\Mathstrutbox@=\box50
\strutbox@=\box51
\big@size=\dimen141
LaTeX Font Info:    Redeclaring font encoding OML on input line 743.
LaTeX Font Info:    Redeclaring font encoding OMS on input line 744.
\macc@depth=\count196
\c@MaxMatrixCols=\count197
\dotsspace@=\muskip16
\c@parentequation=\count198
\dspbrk@lvl=\count199
\tag@help=\toks18
\row@=\count266
\column@=\count267
\maxfields@=\count268
\andhelp@=\toks19
\eqnshift@=\dimen142
\alignsep@=\dimen143
\tagshift@=\dimen144
\tagwidth@=\dimen145
\totwidth@=\dimen146
\lineht@=\dimen147
\@envbody=\toks20
\multlinegap=\skip50
\multlinetaggap=\skip51
\mathdisplay@stack=\toks21
LaTeX Info: Redefining \[ on input line 2923.
LaTeX Info: Redefining \] on input line 2924.
)
(C:\Users\carol\AppData\Local\Programs\MiKTeX\tex/latex/amsfonts\amssymb.sty
Package: amssymb 2013/01/14 v3.01 AMS font symbols
)
(C:\Users\carol\AppData\Local\Programs\MiKTeX\tex/latex/graphics\graphicx.sty
Package: graphicx 2020/12/05 v1.2c Enhanced LaTeX Graphics (DPC,SPQR)

(C:\Users\carol\AppData\Local\Programs\MiKTeX\tex/latex/graphics\keyval.sty
Package: keyval 2014/10/28 v1.15 key=value parser (DPC)
\KV@toks@=\toks22
)
(C:\Users\carol\AppData\Local\Programs\MiKTeX\tex/latex/graphics\graphics.sty
Package: graphics 2021/03/04 v1.4d Standard LaTeX Graphics (DPC,SPQR)

(C:\Users\carol\AppData\Local\Programs\MiKTeX\tex/latex/graphics\trig.sty
Package: trig 2016/01/03 v1.10 sin cos tan (DPC)
)
(C:\Users\carol\AppData\Local\Programs\MiKTeX\tex/latex/graphics-cfg\graphics.c
fg
File: graphics.cfg 2016/06/04 v1.11 sample graphics configuration
)
Package graphics Info: Driver file: pdftex.def on input line 107.

(C:\Users\carol\AppData\Local\Programs\MiKTeX\tex/latex/graphics-def\pdftex.def
File: pdftex.def 2020/10/05 v1.2a Graphics/color driver for pdftex
))
\Gin@req@height=\dimen148
\Gin@req@width=\dimen149
)
(C:\Users\carol\AppData\Local\Programs\MiKTeX\tex/latex/listings\listings.sty
\lst@mode=\count269
\lst@gtempboxa=\box52
\lst@token=\toks23
\lst@length=\count270
\lst@currlwidth=\dimen150
\lst@column=\count271
\lst@pos=\count272
\lst@lostspace=\dimen151
\lst@width=\dimen152
\lst@newlines=\count273
\lst@lineno=\count274
\lst@maxwidth=\dimen153

(C:\Users\carol\AppData\Local\Programs\MiKTeX\tex/latex/listings\lstmisc.sty
File: lstmisc.sty 2020/03/24 1.8d (Carsten Heinz)
\c@lstnumber=\count275
\lst@skipnumbers=\count276
\lst@framebox=\box53
)
(C:\Users\carol\AppData\Local\Programs\MiKTeX\tex/latex/listings\listings.cfg
File: listings.cfg 2020/03/24 1.8d listings configuration
))
Package: listings 2020/03/24 1.8d (Carsten Heinz)
(C:\Users\carol\AppData\Local\Programs\MiKTeX\tex/latex/base\textcomp.sty
Package: textcomp 2020/02/02 v2.0n Standard LaTeX package
)
(C:\Users\carol\AppData\Local\Programs\MiKTeX\tex/latex/graphics\color.sty
Package: color 2020/02/24 v1.2b Standard LaTeX Color (DPC)

(C:\Users\carol\AppData\Local\Programs\MiKTeX\tex/latex/graphics-cfg\color.cfg
File: color.cfg 2016/01/02 v1.6 sample color configuration
)
Package color Info: Driver file: pdftex.def on input line 149.
) (C:\Users\carol\AppData\Local\Programs\MiKTeX\tex/latex/listings\lstlang1.sty
File: lstlang1.sty 2020/03/24 1.8d listings language file
) (C:\Users\carol\AppData\Local\Programs\MiKTeX\tex/latex/listings\lstlang2.sty
File: lstlang2.sty 2020/03/24 1.8d listings language file
) (C:\Users\carol\AppData\Local\Programs\MiKTeX\tex/latex/listings\lstlang3.sty
File: lstlang3.sty 2020/03/24 1.8d listings language file
) (C:\Users\carol\AppData\Local\Programs\MiKTeX\tex/latex/fancyvrb\fancyvrb.sty
Package: fancyvrb 2022/06/06 4.5 verbatim text (tvz,hv)
\FV@CodeLineNo=\count277
\FV@InFile=\read2
\FV@TabBox=\box54
\c@FancyVerbLine=\count278
\FV@StepNumber=\count279
\FV@OutFile=\write3
)
LaTeX Font Info:    Trying to load font information for OT1+ppl on input line 5
0.
 (C:\Users\carol\AppData\Local\Programs\MiKTeX\tex/latex/psnfss\ot1ppl.fd
File: ot1ppl.fd 2001/06/04 font definitions for OT1/ppl.
)
(C:\Users\carol\AppData\Local\Programs\MiKTeX\tex/latex/l3backend\l3backend-pdf
tex.def
File: l3backend-pdftex.def 2021-08-04 L3 backend support: PDF output (pdfTeX)
\l__color_backend_stack_int=\count280
\l__pdf_internal_box=\box55
) (Tractor_Data_Vis.aux)
\openout1 = `Tractor_Data_Vis.aux'.

LaTeX Font Info:    Checking defaults for OML/cmm/m/it on input line 50.
LaTeX Font Info:    ... okay on input line 50.
LaTeX Font Info:    Checking defaults for OMS/cmsy/m/n on input line 50.
LaTeX Font Info:    ... okay on input line 50.
LaTeX Font Info:    Checking defaults for OT1/cmr/m/n on input line 50.
LaTeX Font Info:    ... okay on input line 50.
LaTeX Font Info:    Checking defaults for T1/cmr/m/n on input line 50.
LaTeX Font Info:    ... okay on input line 50.
LaTeX Font Info:    Checking defaults for TS1/cmr/m/n on input line 50.
LaTeX Font Info:    ... okay on input line 50.
LaTeX Font Info:    Checking defaults for OMX/cmex/m/n on input line 50.
LaTeX Font Info:    ... okay on input line 50.
LaTeX Font Info:    Checking defaults for U/cmr/m/n on input line 50.
LaTeX Font Info:    ... okay on input line 50.

(C:\Users\carol\AppData\Local\Programs\MiKTeX\tex/context/base/mkii\supp-pdf.mk
ii
[Loading MPS to PDF converter (version 2006.09.02).]
\scratchcounter=\count281
\scratchdimen=\dimen154
\scratchbox=\box56
\nofMPsegments=\count282
\nofMParguments=\count283
\everyMPshowfont=\toks24
\MPscratchCnt=\count284
\MPscratchDim=\dimen155
\MPnumerator=\count285
\makeMPintoPDFobject=\count286
\everyMPtoPDFconversion=\toks25
)
(C:\Users\carol\AppData\Local\Programs\MiKTeX\tex/latex/epstopdf-pkg\epstopdf-b
ase.sty
Package: epstopdf-base 2020-01-24 v2.11 Base part for package epstopdf
Package epstopdf-base Info: Redefining graphics rule for `.eps' on input line 4
85.

(C:\Users\carol\AppData\Local\Programs\MiKTeX\tex/latex/00miktex\epstopdf-sys.c
fg
File: epstopdf-sys.cfg 2021/03/18 v2.0 Configuration of epstopdf for MiKTeX
))
\c@lstlisting=\count287
LaTeX Font Info:    Trying to load font information for OT1+pcr on input line 7
2.
 (C:\Users\carol\AppData\Local\Programs\MiKTeX\tex/latex/psnfss\ot1pcr.fd
File: ot1pcr.fd 2001/06/04 font definitions for OT1/pcr.
)
[1

{C:/Users/carol/AppData/Local/MiKTeX/pdftex/config/pdftex.map}]
<../Figures/hist_dens_log_price.pdf, id=8, 505.89pt x 505.89pt>
File: ../Figures/hist_dens_log_price.pdf Graphic file (type pdf)
<use ../Figures/hist_dens_log_price.pdf>
Package pdftex.def Info: ../Figures/hist_dens_log_price.pdf  used on input line
 110.
(pdftex.def)             Requested size: 252.94437pt x 252.94437pt.
 [2 <../Figures/hist_dens_log_price.pdf>]
<../Figures/dens_by_brand.pdf, id=18, 505.89pt x 505.89pt>
File: ../Figures/dens_by_brand.pdf Graphic file (type pdf)
<use ../Figures/dens_by_brand.pdf>
Package pdftex.def Info: ../Figures/dens_by_brand.pdf  used on input line 147.
(pdftex.def)             Requested size: 252.94437pt x 252.94437pt.
 [3 <../Figures/dens_by_brand.pdf>] [4]
<../Figures/dens_by_season.pdf, id=31, 505.89pt x 505.89pt>
File: ../Figures/dens_by_season.pdf Graphic file (type pdf)
<use ../Figures/dens_by_season.pdf>
Package pdftex.def Info: ../Figures/dens_by_season.pdf  used on input line 198.

(pdftex.def)             Requested size: 252.94437pt x 252.94437pt.

Underfull \vbox (badness 10000) has occurred while \output is active []

 [5 <../Figures/dens_by_season.pdf>] (../Tables/brand_and_season_sales.tex
LaTeX Font Info:    Trying to load font information for U+msa on input line 5.

(C:\Users\carol\AppData\Local\Programs\MiKTeX\tex/latex/amsfonts\umsa.fd
File: umsa.fd 2013/01/14 v3.01 AMS symbols A
)
LaTeX Font Info:    Trying to load font information for U+msb on input line 5.

(C:\Users\carol\AppData\Local\Programs\MiKTeX\tex/latex/amsfonts\umsb.fd
File: umsb.fd 2013/01/14 v3.01 AMS symbols B
))
Underfull \vbox (badness 10000) has occurred while \output is active []

 [6]
<../Figures/brand_and_season_sales.pdf, id=44, 505.89pt x 505.89pt>
File: ../Figures/brand_and_season_sales.pdf Graphic file (type pdf)
<use ../Figures/brand_and_season_sales.pdf>
Package pdftex.def Info: ../Figures/brand_and_season_sales.pdf  used on input l
ine 236.
(pdftex.def)             Requested size: 252.94437pt x 252.94437pt.

Underfull \vbox (badness 10000) has occurred while \output is active []

 [7 <../Figures/brand_and_season_sales.pdf>] (../Tables/correlation.tex)
Underfull \vbox (badness 10000) has occurred while \output is active []

 [8]
<../Figures/scatter_matrix.pdf, id=58, 505.89pt x 505.89pt>
File: ../Figures/scatter_matrix.pdf Graphic file (type pdf)
<use ../Figures/scatter_matrix.pdf>
Package pdftex.def Info: ../Figures/scatter_matrix.pdf  used on input line 292.

(pdftex.def)             Requested size: 252.94437pt x 252.94437pt.

Underfull \vbox (badness 10000) has occurred while \output is active []

 [9 <../Figures/scatter_matrix.pdf>]
Overfull \hbox (1.7978pt too wide) in paragraph at lines 299--299
[]\OT1/ppl/b/n/14.4 Relationship be-tween Prices, Horse-power and Age 
 []

[10]
<../Figures/bubble_plot.pdf, id=71, 505.89pt x 505.89pt>
File: ../Figures/bubble_plot.pdf Graphic file (type pdf)
<use ../Figures/bubble_plot.pdf>
Package pdftex.def Info: ../Figures/bubble_plot.pdf  used on input line 353.
(pdftex.def)             Requested size: 252.94437pt x 252.94437pt.
 [11 <../Figures/bubble_plot.pdf>] (Tractor_Data_Vis.aux) ) 
Here is how much of TeX's memory you used:
 5377 strings out of 478927
 74160 string characters out of 2852534
 578511 words of memory out of 3000000
 23177 multiletter control sequences out of 15000+600000
 414458 words of font info for 60 fonts, out of 8000000 for 9000
 1141 hyphenation exceptions out of 8191
 57i,8n,66p,214b,1854s stack positions out of 5000i,500n,10000p,200000b,80000s
{C:/Users/carol/AppD
ata/Local/Programs/MiKTeX/fonts/enc/dvips/base/8r.enc}<C:/Users/carol/AppData/L
ocal/Programs/MiKTeX/fonts/type1/urw/courier/ucrr8a.pfb><C:/Users/carol/AppData
/Local/Programs/MiKTeX/fonts/type1/urw/palatino/uplb8a.pfb><C:/Users/carol/AppD
ata/Local/Programs/MiKTeX/fonts/type1/urw/palatino/uplr8a.pfb>
Output written on Tractor_Data_Vis.pdf (11 pages, 309910 bytes).
PDF statistics:
 96 PDF objects out of 1000 (max. 8388607)
 0 named destinations out of 1000 (max. 500000)
 31 words of extra memory for PDF output out of 10000 (max. 10000000)

